#
# A fatal error has been detected by the Java Runtime Environment:
#
#  EXCEPTION_ACCESS_VIOLATION (0xc0000005) at pc=0x00007ffedba46a17, pid=8488, tid=10192
#
# JRE version: Java(TM) SE Runtime Environment (21.0.5+9) (build 21.0.5+9-LTS-239)
# Java VM: Java HotSpot(TM) 64-Bit Server VM (21.0.5+9-LTS-239, mixed mode, sharing, tiered, compressed oops, compressed class ptrs, g1 gc, windows-amd64)
# Problematic frame:
# C  [glass.dll+0x26a17]
#
# No core dump will be written. Minidumps are not enabled by default on client versions of Windows
#
# If you would like to submit a bug report, please visit:
#   https://bugreport.java.com/bugreport/crash.jsp
#

---------------  S U M M A R Y ------------

Command Line: --module-path=E:\javaFx\javafx-sdk-21.0.8\lib --add-modules=javafx.controls,javafx.fxml -javaagent:W:\Work\IntelliJ IDEA Community Edition 2025.2.1\lib\idea_rt.jar=52710 -Dfile.encoding=UTF-8 -Dsun.stdout.encoding=UTF-8 -Dsun.stderr.encoding=UTF-8 com.college.MainFinal

Host: Intel(R) Core(TM) i5-9400F CPU @ 2.90GHz, 6 cores, 15G,  Windows 10 , 64 bit Build 19041 (10.0.19041.5915)
Time: Sat Sep 27 13:54:28 2025 South Africa Standard Time elapsed time: 124.979496 seconds (0d 0h 2m 4s)

---------------  T H R E A D  ---------------

Current thread (0x0000024e28f78850):  VMThread "VM Thread"          [id=10192, stack(0x0000006474900000,0x0000006474a00000) (1024K)]

Stack: [0x0000006474900000,0x0000006474a00000],  sp=0x00000064749fed40,  free space=1019k
Native frames: (J=compiled Java code, j=interpreted, Vv=VM code, C=native code)
C  [glass.dll+0x26a17]


siginfo: EXCEPTION_ACCESS_VIOLATION (0xc0000005), reading address 0x0000000000000000


Registers:
RAX=0x0000000000000000, RBX=0x0000024e28f7e832, RCX=0x0000024e28f78850, RDX=0x00000064749fed40
RSP=0x00000064749fed40, RBP=0x0000024e6e7573c8, RSI=0x0000024e6e7573a0, RDI=0x0000762047713f65
R8 =0x0000000000010002, R9 =0x0000762047713f65, R10=0x0000000000008000, R11=0x00000064749fecd0
R12=0x00007ffedba44360, R13=0x00007ffec8113c30, R14=0x00000064749fee38, R15=0x0000024e6e7573a0
RIP=0x00007ffedba46a17, EFLAGS=0x0000000000010202


Register to memory mapping:

RAX=0x0 is null
RBX=0x0000024e28f7e832 is a global jni handle
RCX=0x0000024e28f78850 points into unknown readable memory: 0x00007ffec7f25680 | 80 56 f2 c7 fe 7f 00 00
RDX=0x00000064749fed40 points into unknown readable memory: 0x0000000000000000 | 00 00 00 00 00 00 00 00
RSP=0x00000064749fed40 points into unknown readable memory: 0x0000000000000000 | 00 00 00 00 00 00 00 00
RBP=0x0000024e6e7573c8 points into unknown readable memory: 0x0000762047713f65 | 65 3f 71 47 20 76 00 00
RSI=0x0000024e6e7573a0 points into unknown readable memory: 0x7487b920477ec0be | be c0 7e 47 20 b9 87 74
RDI=0x0000762047713f65 is an unknown value
R8 =0x0000000000010002 is an unknown value
R9 =0x0000762047713f65 is an unknown value
R10=0x0000000000008000 is an unknown value
R11=0x00000064749fecd0 points into unknown readable memory: 0x0000024e6e7573a0 | a0 73 75 6e 4e 02 00 00
R12=0x00007ffedba44360 glass.dll
R13=0x00007ffec8113c30 jvm.dll
R14=0x00000064749fee38 points into unknown readable memory: 0x00000064749fee20 | 20 ee 9f 74 64 00 00 00
R15=0x0000024e6e7573a0 points into unknown readable memory: 0x7487b920477ec0be | be c0 7e 47 20 b9 87 74

Top of Stack: (sp=0x00000064749fed40)
0x00000064749fed40:   0000000000000000 0000024e6e7573a0
0x00000064749fed50:   00007ffec8113c30 00007ffedba44360
0x00000064749fed60:   0000024e6e7573a8 00007ffefaeb42d6
0x00000064749fed70:   0000762047713f65 0000024e00000000
0x00000064749fed80:   0000024e6e7573c8 0000024e6e7573a0
0x00000064749fed90:   fffffffffffffffe 0000000000000000
0x00000064749feda0:   0000000000000001 00007ffedba20000
0x00000064749fedb0:   00000064749fee28 00007ffefaeb41fb
0x00000064749fedc0:   0000000000000000 00000064749fee38
0x00000064749fedd0:   00000064749ff110 00007ffefaf90e40
0x00000064749fede0:   0000000000000001 00007ffefaeb41b4
0x00000064749fedf0:   0000000000000000 0000000000000001
0x00000064749fee00:   00007ffe00000001 00000064749fee28
0x00000064749fee10:   0000000000000000 00007ffedba441ed
0x00000064749fee20:   00007ffedba5a008 00007ffe00000002
0x00000064749fee30:   00007ffe00000002 00000064749fee20
0x00000064749fee40:   0000000000000000 00007ffefd2e9993
0x00000064749fee50:   0000000000000000 00007ffedba44312
0x00000064749fee60:   0000000000000001 00007ffefa410000
0x00000064749fee70:   00007ffefa4100bc 00007ffefa416732
0x00000064749fee80:   00007ffed2b80f14 0000000000000000
0x00000064749fee90:   0000000000000001 00007ffed2b806bc
0x00000064749feea0:   00007ffedba20000 000000007ffe0384
0x00000064749feeb0:   0000000000000000 00007ffefd2e9a1d
0x00000064749feec0:   00007ffedba20000 0000000000000000
0x00000064749feed0:   0000000000000001 000000007ffe0385
0x00000064749feee0:   0000000000000000 00007ffefd32f331
0x00000064749feef0:   0000dd6afbe59000 0000000000000014
0x00000064749fef00:   00007ffedba44360 0000000000000000
0x00000064749fef10:   0000000000000000 0000006473db5000
0x00000064749fef20:   0000024e6e753be0 00007ffefd32f1ca
0x00000064749fef30:   0000024e6e754c60 00007ffedba20000 

Instructions: (pc=0x00007ffedba46a17)
0x00007ffedba46917:   8b 4d 58 e8 8d cf ff ff 48 8b 4d 60 e8 84 cf ff
0x00007ffedba46927:   ff 48 8b 95 80 00 00 00 48 8b 8d 18 01 00 00 e8
0x00007ffedba46937:   76 c4 ff ff 33 d2 33 c9 e8 cc e1 ff ff 90 48 89
0x00007ffedba46947:   54 24 10 55 48 83 ec 20 48 8b ea 48 b8 00 00 00
0x00007ffedba46957:   00 00 00 00 00 48 83 c4 20 5d c3 cc 40 55 48 8b
0x00007ffedba46967:   ea 48 8b 01 33 c9 81 38 05 00 00 c0 0f 94 c1 8b
0x00007ffedba46977:   c1 5d c3 cc 40 55 48 83 ec 20 48 8b ea 8a 4d 40
0x00007ffedba46987:   48 83 c4 20 5d e9 73 d3 ff ff cc 40 55 48 83 ec
0x00007ffedba46997:   20 48 8b ea 8a 4d 20 e8 61 d3 ff ff 90 48 83 c4
0x00007ffedba469a7:   20 5d c3 cc 40 55 48 83 ec 20 48 8b ea 48 83 c4
0x00007ffedba469b7:   20 5d e9 c2 d1 ff ff cc 40 55 48 83 ec 30 48 8b
0x00007ffedba469c7:   ea 48 8b 01 8b 10 48 89 4c 24 28 89 54 24 20 4c
0x00007ffedba469d7:   8d 0d 63 d6 ff ff 4c 8b 45 70 8b 55 68 48 8b 4d
0x00007ffedba469e7:   60 e8 03 d1 ff ff 90 48 83 c4 30 5d c3 cc cc cc
0x00007ffedba469f7:   cc cc cc cc cc cc cc cc cc 40 53 48 83 ec 20 48
0x00007ffedba46a07:   8b 1d fb 2f 01 00 48 85 db 74 16 e8 89 8f ff ff
0x00007ffedba46a17:   4c 8b 00 48 8b d3 48 8b c8 41 ff 90 b0 00 00 00
0x00007ffedba46a27:   90 48 83 c4 20 5b c3 cc cc 40 53 48 83 ec 20 48
0x00007ffedba46a37:   8b 1d 6b 31 01 00 48 85 db 74 57 b8 ff ff ff ff
0x00007ffedba46a47:   f0 0f c1 43 10 83 f8 01 75 3d 48 85 db 74 38 48
0x00007ffedba46a57:   8b 0b 48 85 c9 74 0d ff 15 44 08 00 00 48 c7 03
0x00007ffedba46a67:   00 00 00 00 48 8b 4b 08 48 85 c9 74 0d e8 33 ce
0x00007ffedba46a77:   ff ff 48 c7 43 08 00 00 00 00 ba 18 00 00 00 48
0x00007ffedba46a87:   8b cb e8 1e ce ff ff 48 c7 05 0f 31 01 00 00 00
0x00007ffedba46a97:   00 00 48 83 c4 20 5b c3 cc 40 53 48 83 ec 20 48
0x00007ffedba46aa7:   8b 1d db 30 01 00 48 85 db 74 57 b8 ff ff ff ff
0x00007ffedba46ab7:   f0 0f c1 43 10 83 f8 01 75 3d 48 85 db 74 38 48
0x00007ffedba46ac7:   8b 0b 48 85 c9 74 0d ff 15 d4 07 00 00 48 c7 03
0x00007ffedba46ad7:   00 00 00 00 48 8b 4b 08 48 85 c9 74 0d e8 c3 cd
0x00007ffedba46ae7:   ff ff 48 c7 43 08 00 00 00 00 ba 18 00 00 00 48
0x00007ffedba46af7:   8b cb e8 ae cd ff ff 48 c7 05 7f 30 01 00 00 00
0x00007ffedba46b07:   00 00 48 83 c4 20 5b c3 cc 40 53 48 83 ec 20 48 


Stack slot to memory mapping:

stack at sp + 0 slots: 0x0 is null
stack at sp + 1 slots: 0x0000024e6e7573a0 points into unknown readable memory: 0x7487b920477ec0be | be c0 7e 47 20 b9 87 74
stack at sp + 2 slots: 0x00007ffec8113c30 jvm.dll
stack at sp + 3 slots: 0x00007ffedba44360 glass.dll
stack at sp + 4 slots: 0x0000024e6e7573a8 points into unknown readable memory: 0x0000762047713f65 | 65 3f 71 47 20 76 00 00
stack at sp + 5 slots: 0x00007ffefaeb42d6 ucrtbase.dll
stack at sp + 6 slots: 0x0000762047713f65 is an unknown value
stack at sp + 7 slots: 0x0000024e00000000 is pointing into metadata

VM_Operation (0x0000006473fff1a0): Exit, mode: safepoint, requested by thread 0x0000024e7b379350


---------------  P R O C E S S  ---------------

Threads class SMR info:
_java_thread_list=0x0000024e7afe5860, length=21, elements={
0x0000024e0809ba90, 0x0000024e28f93180, 0x0000024e28f94850, 0x0000024e28f98ae0,
0x0000024e28f99530, 0x0000024e28f9a560, 0x0000024e28f9b160, 0x0000024e28faf410,
0x0000024e28fd2990, 0x0000024e6e215640, 0x0000024e6e7a86e0, 0x0000024e6ecb0820,
0x0000024e6ef29b80, 0x0000024e6ef3eae0, 0x0000024e6f1de830, 0x0000024e6f1d55c0,
0x0000024e78225bb0, 0x0000024e7b375840, 0x0000024e7b374b20, 0x0000024e7b379350,
0x0000024e7961ea10
}

Java Threads: ( => current thread )
  0x0000024e0809ba90 JavaThread "main"                              [_thread_blocked, id=980, stack(0x0000006474200000,0x0000006474300000) (1024K)]
  0x0000024e28f93180 JavaThread "Reference Handler"          daemon [_thread_blocked, id=10564, stack(0x0000006474a00000,0x0000006474b00000) (1024K)]
  0x0000024e28f94850 JavaThread "Finalizer"                  daemon [_thread_blocked, id=8436, stack(0x0000006474b00000,0x0000006474c00000) (1024K)]
  0x0000024e28f98ae0 JavaThread "Signal Dispatcher"          daemon [_thread_blocked, id=4804, stack(0x0000006474c00000,0x0000006474d00000) (1024K)]
  0x0000024e28f99530 JavaThread "Attach Listener"            daemon [_thread_blocked, id=11212, stack(0x0000006474d00000,0x0000006474e00000) (1024K)]
  0x0000024e28f9a560 JavaThread "Service Thread"             daemon [_thread_blocked, id=8348, stack(0x0000006474e00000,0x0000006474f00000) (1024K)]
  0x0000024e28f9b160 JavaThread "Monitor Deflation Thread"   daemon [_thread_blocked, id=1496, stack(0x0000006474f00000,0x0000006475000000) (1024K)]
  0x0000024e28faf410 JavaThread "C2 CompilerThread0"         daemon [_thread_blocked, id=1420, stack(0x0000006475000000,0x0000006475100000) (1024K)]
  0x0000024e28fd2990 JavaThread "C1 CompilerThread0"         daemon [_thread_blocked, id=9468, stack(0x0000006475100000,0x0000006475200000) (1024K)]
  0x0000024e6e215640 JavaThread "Common-Cleaner"             daemon [_thread_blocked, id=11088, stack(0x0000006475200000,0x0000006475300000) (1024K)]
  0x0000024e6e7a86e0 JavaThread "Monitor Ctrl-Break"         daemon [_thread_in_native, id=6912, stack(0x0000006475400000,0x0000006475500000) (1024K)]
  0x0000024e6ecb0820 JavaThread "Notification Thread"        daemon [_thread_blocked, id=6528, stack(0x0000006475500000,0x0000006475600000) (1024K)]
  0x0000024e6ef29b80 JavaThread "InvokeLaterDispatcher"      daemon [_thread_blocked, id=5824, stack(0x0000006475d00000,0x0000006475e00000) (1024K)]
  0x0000024e6ef3eae0 JavaThread "JavaFX Application Thread"         [_thread_in_native, id=5908, stack(0x0000006475e00000,0x0000006475f00000) (1024K)]
  0x0000024e6f1de830 JavaThread "JavaFX-Launcher"                   [_thread_blocked, id=6676, stack(0x0000006476100000,0x0000006476200000) (1024K)]
  0x0000024e6f1d55c0 JavaThread "Thread-2"                   daemon [_thread_in_native, id=7428, stack(0x0000006476000000,0x0000006476100000) (1024K)]
  0x0000024e78225bb0 JavaThread "mysql-cj-abandoned-connection-cleanup" daemon [_thread_blocked, id=7212, stack(0x0000006476700000,0x0000006476800000) (1024K)]
  0x0000024e7b375840 JavaThread "Prism Font Disposer"        daemon [_thread_blocked, id=3812, stack(0x0000006477900000,0x0000006477a00000) (1024K)]
  0x0000024e7b374b20 JavaThread "Cleaner-0"                  daemon [_thread_blocked, id=724, stack(0x0000006477a00000,0x0000006477b00000) (1024K)]
  0x0000024e7b379350 JavaThread "SIGINT handler"             daemon [_thread_blocked, id=7832, stack(0x0000006473f00000,0x0000006474000000) (1024K)]
  0x0000024e7961ea10 JavaThread "C2 CompilerThread1"         daemon [_thread_blocked, id=9212, stack(0x0000006474100000,0x0000006474200000) (1024K)]
Total: 21

Other Threads:
=>0x0000024e28f78850 VMThread "VM Thread"                           [id=10192, stack(0x0000006474900000,0x0000006474a00000) (1024K)]
  0x0000024e0a29ec50 WorkerThread "GC Thread#0"                     [id=8324, stack(0x0000006474300000,0x0000006474400000) (1024K)]
  0x0000024e6e9695e0 WorkerThread "GC Thread#1"                     [id=10016, stack(0x0000006475800000,0x0000006475900000) (1024K)]
  0x0000024e6e965320 WorkerThread "GC Thread#2"                     [id=7704, stack(0x0000006475900000,0x0000006475a00000) (1024K)]
  0x0000024e6eda0e30 WorkerThread "GC Thread#3"                     [id=6200, stack(0x0000006475a00000,0x0000006475b00000) (1024K)]
  0x0000024e6eda11d0 WorkerThread "GC Thread#4"                     [id=9452, stack(0x0000006475b00000,0x0000006475c00000) (1024K)]
  0x0000024e6eda1570 WorkerThread "GC Thread#5"                     [id=10704, stack(0x0000006475c00000,0x0000006475d00000) (1024K)]
  0x0000024e0a2b0bc0 ConcurrentGCThread "G1 Main Marker"            terminated
  0x0000024e0a2b1d70 WorkerThread "G1 Conc#0"                       [id=2036, stack(0x0000006474500000,0x0000006474600000) (1024K)]
  0x0000024e6f276d60 WorkerThread "G1 Conc#1"                       [id=8700, stack(0x0000006476200000,0x0000006476300000) (1024K)]
  0x0000024e0a2fe5f0 ConcurrentGCThread "G1 Refine#0"               terminated
  0x0000024e28e242e0 ConcurrentGCThread "G1 Service"                terminated
Total: 12

Threads with active compile tasks:
C1 CompilerThread0   125188 11403       3       ch.qos.logback.classic.Logger::recursiveReset (58 bytes)
Total: 1

VM state: at safepoint (shutting down)

VM Mutex/Monitor currently owned by a thread:  ([mutex/lock_event])
[0x00007ffec80ebe98] Threads_lock - owner thread: 0x0000024e28f78850
[0x00007ffec80ebf98] Heap_lock - owner thread: 0x0000024e7b379350

Heap address: 0x0000000701400000, size: 4076 MB, Compressed Oops mode: Zero based, Oop shift amount: 3

CDS archive(s) mapped at: [0x0000024e29000000-0x0000024e29c90000-0x0000024e29c90000), size 13172736, SharedBaseAddress: 0x0000024e29000000, ArchiveRelocationMode: 1.
Compressed class space mapped at: 0x0000024e2a000000-0x0000024e6a000000, reserved size: 1073741824
Narrow klass base: 0x0000024e29000000, Narrow klass shift: 0, Narrow klass range: 0x100000000

GC Precious Log:
 CardTable entry size: 512
 Card Set container configuration: InlinePtr #cards 4 size 8 Array Of Cards #cards 16 size 48 Howl #buckets 8 coarsen threshold 3686 Howl Bitmap #cards 512 size 80 coarsen threshold 460 Card regions per heap region 1 cards per card region 4096
 CPUs: 6 total, 6 available
 Memory: 16302M
 Large Page Support: Disabled
 NUMA Support: Disabled
 Compressed Oops: Enabled (Zero based)
 Heap Region Size: 2M
 Heap Min Capacity: 8M
 Heap Initial Capacity: 256M
 Heap Max Capacity: 4076M
 Pre-touch: Disabled
 Parallel Workers: 6
 Concurrent Workers: 2
 Concurrent Refinement Workers: 6
 Periodic GC: Disabled

Heap:
 garbage-first heap   total 112640K, used 64063K [0x0000000701400000, 0x0000000800000000)
  region size 2048K, 10 young (20480K), 4 survivors (8192K)
 Metaspace       used 92207K, committed 92992K, reserved 1179648K
  class space    used 12654K, committed 12992K, reserved 1048576K

Heap Regions: E=young(eden), S=young(survivor), O=old, HS=humongous(starts), HC=humongous(continues), CS=collection set, F=free, TAMS=top-at-mark-start, PB=parsable bottom
|   0|0x0000000701400000, 0x0000000701600000, 0x0000000701600000|100%| O|  |TAMS 0x0000000701400000| PB 0x0000000701400000| Untracked 
|   1|0x0000000701600000, 0x0000000701800000, 0x0000000701800000|100%| O|  |TAMS 0x0000000701600000| PB 0x0000000701600000| Untracked 
|   2|0x0000000701800000, 0x0000000701a00000, 0x0000000701a00000|100%| O|  |TAMS 0x0000000701800000| PB 0x0000000701800000| Untracked 
|   3|0x0000000701a00000, 0x0000000701c00000, 0x0000000701c00000|100%| O|  |TAMS 0x0000000701a00000| PB 0x0000000701a00000| Untracked 
|   4|0x0000000701c00000, 0x0000000701e00000, 0x0000000701e00000|100%| O|  |TAMS 0x0000000701c00000| PB 0x0000000701c00000| Untracked 
|   5|0x0000000701e00000, 0x0000000702000000, 0x0000000702000000|100%| O|  |TAMS 0x0000000701e00000| PB 0x0000000701e00000| Untracked 
|   6|0x0000000702000000, 0x0000000702200000, 0x0000000702200000|100%| O|  |TAMS 0x0000000702000000| PB 0x0000000702000000| Untracked 
|   7|0x0000000702200000, 0x0000000702400000, 0x0000000702400000|100%| O|  |TAMS 0x0000000702200000| PB 0x0000000702200000| Untracked 
|   8|0x0000000702400000, 0x0000000702600000, 0x0000000702600000|100%| O|  |TAMS 0x0000000702400000| PB 0x0000000702400000| Untracked 
|   9|0x0000000702600000, 0x0000000702800000, 0x0000000702800000|100%| O|  |TAMS 0x0000000702600000| PB 0x0000000702600000| Untracked 
|  10|0x0000000702800000, 0x0000000702a00000, 0x0000000702a00000|100%| O|  |TAMS 0x0000000702800000| PB 0x0000000702800000| Untracked 
|  11|0x0000000702a00000, 0x0000000702c00000, 0x0000000702c00000|100%| O|  |TAMS 0x0000000702a00000| PB 0x0000000702a00000| Untracked 
|  12|0x0000000702c00000, 0x0000000702c00000, 0x0000000702e00000|  0%| F|  |TAMS 0x0000000702c00000| PB 0x0000000702c00000| Untracked 
|  13|0x0000000702e00000, 0x0000000703000000, 0x0000000703000000|100%| O|  |TAMS 0x0000000702e00000| PB 0x0000000702e00000| Untracked 
|  14|0x0000000703000000, 0x0000000703200000, 0x0000000703200000|100%| O|  |TAMS 0x0000000703000000| PB 0x0000000703000000| Untracked 
|  15|0x0000000703200000, 0x0000000703400000, 0x0000000703400000|100%| O|  |TAMS 0x0000000703200000| PB 0x0000000703200000| Untracked 
|  16|0x0000000703400000, 0x0000000703600000, 0x0000000703600000|100%| O|  |TAMS 0x0000000703400000| PB 0x0000000703400000| Untracked 
|  17|0x0000000703600000, 0x0000000703800000, 0x0000000703800000|100%|HS|  |TAMS 0x0000000703600000| PB 0x0000000703600000| Complete 
|  18|0x0000000703800000, 0x0000000703a00000, 0x0000000703a00000|100%| O|  |TAMS 0x0000000703800000| PB 0x0000000703800000| Untracked 
|  19|0x0000000703a00000, 0x0000000703c00000, 0x0000000703c00000|100%|HS|  |TAMS 0x0000000703a00000| PB 0x0000000703a00000| Complete 
|  20|0x0000000703c00000, 0x0000000703c00000, 0x0000000703e00000|  0%| F|  |TAMS 0x0000000703c00000| PB 0x0000000703c00000| Untracked 
|  21|0x0000000703e00000, 0x0000000703e00000, 0x0000000704000000|  0%| F|  |TAMS 0x0000000703e00000| PB 0x0000000703e00000| Untracked 
|  22|0x0000000704000000, 0x0000000704000000, 0x0000000704200000|  0%| F|  |TAMS 0x0000000704000000| PB 0x0000000704000000| Untracked 
|  23|0x0000000704200000, 0x0000000704400000, 0x0000000704400000|100%| O|  |TAMS 0x0000000704200000| PB 0x0000000704200000| Untracked 
|  24|0x0000000704400000, 0x0000000704600000, 0x0000000704600000|100%| O|  |TAMS 0x0000000704400000| PB 0x0000000704400000| Untracked 
|  25|0x0000000704600000, 0x0000000704800000, 0x0000000704800000|100%| O|  |TAMS 0x0000000704600000| PB 0x0000000704600000| Untracked 
|  26|0x0000000704800000, 0x00000007049ee760, 0x0000000704a00000| 96%| S|CS|TAMS 0x0000000704800000| PB 0x0000000704800000| Complete 
|  27|0x0000000704a00000, 0x0000000704c00000, 0x0000000704c00000|100%| S|CS|TAMS 0x0000000704a00000| PB 0x0000000704a00000| Complete 
|  28|0x0000000704c00000, 0x0000000704e00000, 0x0000000704e00000|100%| S|CS|TAMS 0x0000000704c00000| PB 0x0000000704c00000| Complete 
|  29|0x0000000704e00000, 0x0000000705000000, 0x0000000705000000|100%| S|CS|TAMS 0x0000000704e00000| PB 0x0000000704e00000| Complete 
|  30|0x0000000705000000, 0x0000000705000000, 0x0000000705200000|  0%| F|  |TAMS 0x0000000705000000| PB 0x0000000705000000| Untracked 
|  31|0x0000000705200000, 0x0000000705200000, 0x0000000705400000|  0%| F|  |TAMS 0x0000000705200000| PB 0x0000000705200000| Untracked 
|  32|0x0000000705400000, 0x0000000705400000, 0x0000000705600000|  0%| F|  |TAMS 0x0000000705400000| PB 0x0000000705400000| Untracked 
|  33|0x0000000705600000, 0x0000000705600000, 0x0000000705800000|  0%| F|  |TAMS 0x0000000705600000| PB 0x0000000705600000| Untracked 
|  34|0x0000000705800000, 0x0000000705800000, 0x0000000705a00000|  0%| F|  |TAMS 0x0000000705800000| PB 0x0000000705800000| Untracked 
|  35|0x0000000705a00000, 0x0000000705a00000, 0x0000000705c00000|  0%| F|  |TAMS 0x0000000705a00000| PB 0x0000000705a00000| Untracked 
|  36|0x0000000705c00000, 0x0000000705c00000, 0x0000000705e00000|  0%| F|  |TAMS 0x0000000705c00000| PB 0x0000000705c00000| Untracked 
|  37|0x0000000705e00000, 0x0000000705e00000, 0x0000000706000000|  0%| F|  |TAMS 0x0000000705e00000| PB 0x0000000705e00000| Untracked 
|  38|0x0000000706000000, 0x0000000706000000, 0x0000000706200000|  0%| F|  |TAMS 0x0000000706000000| PB 0x0000000706000000| Untracked 
|  39|0x0000000706200000, 0x0000000706200000, 0x0000000706400000|  0%| F|  |TAMS 0x0000000706200000| PB 0x0000000706200000| Untracked 
|  40|0x0000000706400000, 0x0000000706400000, 0x0000000706600000|  0%| F|  |TAMS 0x0000000706400000| PB 0x0000000706400000| Untracked 
|  41|0x0000000706600000, 0x0000000706600000, 0x0000000706800000|  0%| F|  |TAMS 0x0000000706600000| PB 0x0000000706600000| Untracked 
|  42|0x0000000706800000, 0x0000000706800000, 0x0000000706a00000|  0%| F|  |TAMS 0x0000000706800000| PB 0x0000000706800000| Untracked 
|  43|0x0000000706a00000, 0x0000000706a00000, 0x0000000706c00000|  0%| F|  |TAMS 0x0000000706a00000| PB 0x0000000706a00000| Untracked 
|  44|0x0000000706c00000, 0x0000000706c00000, 0x0000000706e00000|  0%| F|  |TAMS 0x0000000706c00000| PB 0x0000000706c00000| Untracked 
|  45|0x0000000706e00000, 0x0000000706e00000, 0x0000000707000000|  0%| F|  |TAMS 0x0000000706e00000| PB 0x0000000706e00000| Untracked 
|  46|0x0000000707000000, 0x0000000707000000, 0x0000000707200000|  0%| F|  |TAMS 0x0000000707000000| PB 0x0000000707000000| Untracked 
|  90|0x000000070c800000, 0x000000070c800000, 0x000000070ca00000|  0%| F|  |TAMS 0x000000070c800000| PB 0x000000070c800000| Untracked 
|  91|0x000000070ca00000, 0x000000070ca2cf80, 0x000000070cc00000|  8%| E|  |TAMS 0x000000070ca00000| PB 0x000000070ca00000| Complete 
|  92|0x000000070cc00000, 0x000000070ce00000, 0x000000070ce00000|100%| E|CS|TAMS 0x000000070cc00000| PB 0x000000070cc00000| Complete 
|  93|0x000000070ce00000, 0x000000070d000000, 0x000000070d000000|100%| E|CS|TAMS 0x000000070ce00000| PB 0x000000070ce00000| Complete 
|  94|0x000000070d000000, 0x000000070d200000, 0x000000070d200000|100%| E|CS|TAMS 0x000000070d000000| PB 0x000000070d000000| Complete 
| 126|0x0000000711000000, 0x0000000711200000, 0x0000000711200000|100%| E|CS|TAMS 0x0000000711000000| PB 0x0000000711000000| Complete 
| 127|0x0000000711200000, 0x0000000711400000, 0x0000000711400000|100%| E|CS|TAMS 0x0000000711200000| PB 0x0000000711200000| Complete 
|2037|0x00000007ffe00000, 0x00000007ffea15b0, 0x0000000800000000| 31%| O|  |TAMS 0x00000007ffe00000| PB 0x00000007ffe00000| Untracked 

Card table byte_map: [0x0000024e21fd0000,0x0000024e227d0000] _byte_map_base: 0x0000024e1e7c6000

Marking Bits: (CMBitMap*) 0x0000024e0a2a0270
 Bits: [0x0000024e227d0000, 0x0000024e26780000)

Polling page: 0x0000024e083d0000

Metaspace:

Usage:
  Non-class:     77.69 MB used.
      Class:     12.36 MB used.
       Both:     90.05 MB used.

Virtual space:
  Non-class space:      128.00 MB reserved,      78.12 MB ( 61%) committed,  2 nodes.
      Class space:        1.00 GB reserved,      12.69 MB (  1%) committed,  1 nodes.
             Both:        1.12 GB reserved,      90.81 MB (  8%) committed. 

Chunk freelists:
   Non-Class:  1.48 MB
       Class:  3.27 MB
        Both:  4.75 MB

MaxMetaspaceSize: unlimited
CompressedClassSpaceSize: 1.00 GB
Initial GC threshold: 21.00 MB
Current GC threshold: 128.56 MB
CDS: on
 - commit_granule_bytes: 65536.
 - commit_granule_words: 8192.
 - virtual_space_node_default_size: 8388608.
 - enlarge_chunks_in_place: 1.
 - use_allocation_guard: 0.


Internal statistics:

num_allocs_failed_limit: 12.
num_arena_births: 1160.
num_arena_deaths: 0.
num_vsnodes_births: 3.
num_vsnodes_deaths: 0.
num_space_committed: 1453.
num_space_uncommitted: 0.
num_chunks_returned_to_freelist: 12.
num_chunks_taken_from_freelist: 4416.
num_chunk_merges: 9.
num_chunk_splits: 3226.
num_chunks_enlarged: 2580.
num_inconsistent_stats: 0.

CodeHeap 'non-profiled nmethods': size=120000Kb used=6407Kb max_used=6407Kb free=113592Kb
 bounds [0x0000024e1a190000, 0x0000024e1a7e0000, 0x0000024e216c0000]
CodeHeap 'profiled nmethods': size=120000Kb used=20302Kb max_used=20302Kb free=99697Kb
 bounds [0x0000024e126c0000, 0x0000024e13aa0000, 0x0000024e19bf0000]
CodeHeap 'non-nmethods': size=5760Kb used=2176Kb max_used=2304Kb free=3583Kb
 bounds [0x0000024e19bf0000, 0x0000024e19e60000, 0x0000024e1a190000]
 total_blobs=11404 nmethods=10301 adapters=1005
 compilation: enabled
              stopped_count=0, restarted_count=0
 full_count=0

Compilation events (20 events):
Event: 124.080 Thread 0x0000024e7961ea10 nmethod 11371 0x0000024e1a7d0810 code [0x0000024e1a7d0980, 0x0000024e1a7d0a30]
Event: 124.080 Thread 0x0000024e7961ea10 11387       4       java.lang.Module::isNamed (13 bytes)
Event: 124.080 Thread 0x0000024e28fd2990 nmethod 11393 0x0000024e13a8f090 code [0x0000024e13a8f300, 0x0000024e13a8fde8]
Event: 124.080 Thread 0x0000024e28fd2990 11394       3       com.sun.crypto.provider.GaloisCounterMode$GCMEngine::restoreDst (28 bytes)
Event: 124.080 Thread 0x0000024e7961ea10 nmethod 11387 0x0000024e1a7d0b10 code [0x0000024e1a7d0c80, 0x0000024e1a7d0d10]
Event: 124.080 Thread 0x0000024e28fd2990 nmethod 11394 0x0000024e13a90290 code [0x0000024e13a90460, 0x0000024e13a907b0]
Event: 124.080 Thread 0x0000024e7961ea10 11388       4       java.io.ByteArrayOutputStream::ensureCapacity (32 bytes)
Event: 124.082 Thread 0x0000024e28faf410 nmethod 11378 0x0000024e1a7d0e10 code [0x0000024e1a7d0fc0, 0x0000024e1a7d12a0]
Event: 124.082 Thread 0x0000024e7961ea10 nmethod 11388 0x0000024e1a7d1490 code [0x0000024e1a7d1620, 0x0000024e1a7d1850]
Event: 124.083 Thread 0x0000024e28fd2990 11397       3       org.apache.catalina.util.LifecycleBase::fireLifecycleEvent (56 bytes)
Event: 124.084 Thread 0x0000024e28fd2990 nmethod 11397 0x0000024e13a90890 code [0x0000024e13a90ac0, 0x0000024e13a91360]
Event: 124.084 Thread 0x0000024e28fd2990 11398       3       org.apache.catalina.LifecycleEvent::<init> (16 bytes)
Event: 124.084 Thread 0x0000024e7961ea10 11400       4       java.util.concurrent.CopyOnWriteArrayList$COWIterator::next (32 bytes)
Event: 124.084 Thread 0x0000024e28fd2990 nmethod 11398 0x0000024e13a91610 code [0x0000024e13a917e0, 0x0000024e13a91be0]
Event: 124.084 Thread 0x0000024e28fd2990 11399       3       org.apache.juli.logging.DirectJDKLog::isDebugEnabled (11 bytes)
Event: 124.084 Thread 0x0000024e28fd2990 nmethod 11399 0x0000024e13a91d10 code [0x0000024e13a91ec0, 0x0000024e13a92168]
Event: 124.084 Thread 0x0000024e28fd2990 11402  s    3       org.apache.catalina.util.LifecycleBase::setStateInternal (144 bytes)
Event: 124.085 Thread 0x0000024e7961ea10 nmethod 11400 0x0000024e1a7d1990 code [0x0000024e1a7d1b20, 0x0000024e1a7d1c18]
Event: 124.085 Thread 0x0000024e28fd2990 nmethod 11402 0x0000024e13a92290 code [0x0000024e13a92520, 0x0000024e13a93468]
Event: 124.085 Thread 0x0000024e28fd2990 11403       3       ch.qos.logback.classic.Logger::recursiveReset (58 bytes)

GC Heap History (20 events):
Event: 2.618 GC heap before
{Heap before GC invocations=5 (full 0):
 garbage-first heap   total 90112K, used 58852K [0x0000000701400000, 0x0000000800000000)
  region size 2048K, 26 young (53248K), 7 survivors (14336K)
 Metaspace       used 34963K, committed 35520K, reserved 1114112K
  class space    used 4364K, committed 4608K, reserved 1048576K
}
Event: 2.624 GC heap after
{Heap after GC invocations=6 (full 0):
 garbage-first heap   total 90112K, used 22247K [0x0000000701400000, 0x0000000800000000)
  region size 2048K, 2 young (4096K), 2 survivors (4096K)
 Metaspace       used 34963K, committed 35520K, reserved 1114112K
  class space    used 4364K, committed 4608K, reserved 1048576K
}
Event: 2.647 GC heap before
{Heap before GC invocations=6 (full 0):
 garbage-first heap   total 90112K, used 22247K [0x0000000701400000, 0x0000000800000000)
  region size 2048K, 3 young (6144K), 2 survivors (4096K)
 Metaspace       used 35469K, committed 35968K, reserved 1114112K
  class space    used 4430K, committed 4672K, reserved 1048576K
}
Event: 2.649 GC heap after
{Heap after GC invocations=7 (full 0):
 garbage-first heap   total 90112K, used 21972K [0x0000000701400000, 0x0000000800000000)
  region size 2048K, 2 young (4096K), 2 survivors (4096K)
 Metaspace       used 35469K, committed 35968K, reserved 1114112K
  class space    used 4430K, committed 4672K, reserved 1048576K
}
Event: 3.436 GC heap before
{Heap before GC invocations=8 (full 0):
 garbage-first heap   total 90112K, used 69076K [0x0000000701400000, 0x0000000800000000)
  region size 2048K, 26 young (53248K), 2 survivors (4096K)
 Metaspace       used 51619K, committed 52160K, reserved 1114112K
  class space    used 6560K, committed 6784K, reserved 1048576K
}
Event: 3.440 GC heap after
{Heap after GC invocations=9 (full 0):
 garbage-first heap   total 90112K, used 25711K [0x0000000701400000, 0x0000000800000000)
  region size 2048K, 4 young (8192K), 4 survivors (8192K)
 Metaspace       used 51619K, committed 52160K, reserved 1114112K
  class space    used 6560K, committed 6784K, reserved 1048576K
}
Event: 3.916 GC heap before
{Heap before GC invocations=9 (full 0):
 garbage-first heap   total 90112K, used 66671K [0x0000000701400000, 0x0000000800000000)
  region size 2048K, 25 young (51200K), 4 survivors (8192K)
 Metaspace       used 59902K, committed 60480K, reserved 1114112K
  class space    used 7782K, committed 8064K, reserved 1048576K
}
Event: 3.920 GC heap after
{Heap after GC invocations=10 (full 0):
 garbage-first heap   total 90112K, used 27612K [0x0000000701400000, 0x0000000800000000)
  region size 2048K, 4 young (8192K), 4 survivors (8192K)
 Metaspace       used 59902K, committed 60480K, reserved 1114112K
  class space    used 7782K, committed 8064K, reserved 1048576K
}
Event: 3.931 GC heap before
{Heap before GC invocations=10 (full 0):
 garbage-first heap   total 90112K, used 27612K [0x0000000701400000, 0x0000000800000000)
  region size 2048K, 5 young (10240K), 4 survivors (8192K)
 Metaspace       used 60208K, committed 60800K, reserved 1114112K
  class space    used 7819K, committed 8128K, reserved 1048576K
}
Event: 3.934 GC heap after
{Heap after GC invocations=11 (full 0):
 garbage-first heap   total 90112K, used 27578K [0x0000000701400000, 0x0000000800000000)
  region size 2048K, 1 young (2048K), 1 survivors (2048K)
 Metaspace       used 60208K, committed 60800K, reserved 1114112K
  class space    used 7819K, committed 8128K, reserved 1048576K
}
Event: 4.536 GC heap before
{Heap before GC invocations=12 (full 0):
 garbage-first heap   total 90112K, used 78778K [0x0000000701400000, 0x0000000800000000)
  region size 2048K, 26 young (53248K), 1 survivors (2048K)
 Metaspace       used 68584K, committed 69312K, reserved 1114112K
  class space    used 8964K, committed 9280K, reserved 1048576K
}
Event: 4.540 GC heap after
{Heap after GC invocations=13 (full 0):
 garbage-first heap   total 108544K, used 30849K [0x0000000701400000, 0x0000000800000000)
  region size 2048K, 3 young (6144K), 3 survivors (6144K)
 Metaspace       used 68584K, committed 69312K, reserved 1114112K
  class space    used 8964K, committed 9280K, reserved 1048576K
}
Event: 5.124 GC heap before
{Heap before GC invocations=13 (full 0):
 garbage-first heap   total 108544K, used 86145K [0x0000000701400000, 0x0000000800000000)
  region size 2048K, 31 young (63488K), 3 survivors (6144K)
 Metaspace       used 75518K, committed 76224K, reserved 1179648K
  class space    used 9950K, committed 10240K, reserved 1048576K
}
Event: 5.129 GC heap after
{Heap after GC invocations=14 (full 0):
 garbage-first heap   total 108544K, used 35041K [0x0000000701400000, 0x0000000800000000)
  region size 2048K, 4 young (8192K), 4 survivors (8192K)
 Metaspace       used 75518K, committed 76224K, reserved 1179648K
  class space    used 9950K, committed 10240K, reserved 1048576K
}
Event: 5.266 GC heap before
{Heap before GC invocations=14 (full 0):
 garbage-first heap   total 108544K, used 47329K [0x0000000701400000, 0x0000000800000000)
  region size 2048K, 12 young (24576K), 4 survivors (8192K)
 Metaspace       used 78179K, committed 78976K, reserved 1179648K
  class space    used 10427K, committed 10816K, reserved 1048576K
}
Event: 5.271 GC heap after
{Heap after GC invocations=15 (full 0):
 garbage-first heap   total 108544K, used 37310K [0x0000000701400000, 0x0000000800000000)
  region size 2048K, 2 young (4096K), 2 survivors (4096K)
 Metaspace       used 78179K, committed 78976K, reserved 1179648K
  class space    used 10427K, committed 10816K, reserved 1048576K
}
Event: 8.345 GC heap before
{Heap before GC invocations=16 (full 0):
 garbage-first heap   total 108544K, used 98750K [0x0000000701400000, 0x0000000800000000)
  region size 2048K, 30 young (61440K), 2 survivors (4096K)
 Metaspace       used 87991K, committed 88768K, reserved 1179648K
  class space    used 12144K, committed 12480K, reserved 1048576K
}
Event: 8.349 GC heap after
{Heap after GC invocations=17 (full 0):
 garbage-first heap   total 110592K, used 46165K [0x0000000701400000, 0x0000000800000000)
  region size 2048K, 4 young (8192K), 4 survivors (8192K)
 Metaspace       used 87991K, committed 88768K, reserved 1179648K
  class space    used 12144K, committed 12480K, reserved 1048576K
}
Event: 17.245 GC heap before
{Heap before GC invocations=17 (full 0):
 garbage-first heap   total 110592K, used 93269K [0x0000000701400000, 0x0000000800000000)
  region size 2048K, 27 young (55296K), 4 survivors (8192K)
 Metaspace       used 91975K, committed 92800K, reserved 1179648K
  class space    used 12625K, committed 12992K, reserved 1048576K
}
Event: 17.252 GC heap after
{Heap after GC invocations=18 (full 0):
 garbage-first heap   total 112640K, used 53823K [0x0000000701400000, 0x0000000800000000)
  region size 2048K, 4 young (8192K), 4 survivors (8192K)
 Metaspace       used 91975K, committed 92800K, reserved 1179648K
  class space    used 12625K, committed 12992K, reserved 1048576K
}

Dll operation events (20 events):
Event: 0.287 Loaded shared library E:\javaFx\javafx-sdk-21.0.8\bin\api-ms-win-crt-process-l1-1-0.dll
Event: 0.289 Loaded shared library E:\javaFx\javafx-sdk-21.0.8\bin\api-ms-win-crt-runtime-l1-1-0.dll
Event: 0.290 Loaded shared library E:\javaFx\javafx-sdk-21.0.8\bin\api-ms-win-crt-stdio-l1-1-0.dll
Event: 0.291 Loaded shared library E:\javaFx\javafx-sdk-21.0.8\bin\api-ms-win-crt-string-l1-1-0.dll
Event: 0.292 Loaded shared library E:\javaFx\javafx-sdk-21.0.8\bin\api-ms-win-crt-time-l1-1-0.dll
Event: 0.294 Loaded shared library E:\javaFx\javafx-sdk-21.0.8\bin\api-ms-win-crt-utility-l1-1-0.dll
Event: 0.295 Loaded shared library E:\javaFx\javafx-sdk-21.0.8\bin\ucrtbase.dll
Event: 0.296 Loaded shared library E:\javaFx\javafx-sdk-21.0.8\bin\vcruntime140.dll
Event: 0.297 Loaded shared library E:\javaFx\javafx-sdk-21.0.8\bin\vcruntime140_1.dll
Event: 0.298 Loaded shared library E:\javaFx\javafx-sdk-21.0.8\bin\msvcp140.dll
Event: 0.299 Loaded shared library E:\javaFx\javafx-sdk-21.0.8\bin\msvcp140_1.dll
Event: 0.301 Loaded shared library E:\javaFx\javafx-sdk-21.0.8\bin\msvcp140_2.dll
Event: 0.330 Loaded shared library E:\javaFx\javafx-sdk-21.0.8\bin\prism_d3d.dll
Event: 0.406 Loaded shared library E:\javaFx\javafx-sdk-21.0.8\bin\glass.dll
Event: 0.546 Loaded shared library E:\Program Files\Java\jdk-21\bin\jimage.dll
Event: 1.205 Loaded shared library E:\Program Files\Java\jdk-21\bin\sunmscapi.dll
Event: 2.329 Loaded shared library E:\Program Files\Java\jdk-21\bin\management.dll
Event: 2.331 Loaded shared library E:\Program Files\Java\jdk-21\bin\management_ext.dll
Event: 2.737 Loaded shared library E:\Program Files\Java\jdk-21\bin\verify.dll
Event: 5.193 Loaded shared library E:\javaFx\javafx-sdk-21.0.8\bin\javafx_font.dll

Deoptimization events (20 events):
Event: 16.430 Thread 0x0000024e6ef3eae0 Uncommon trap: trap_request=0xffffffbe fr.pc=0x0000024e1a78064c relative=0x000000000000492c
Event: 16.430 Thread 0x0000024e6ef3eae0 Uncommon trap: reason=profile_predicate action=maybe_recompile pc=0x0000024e1a78064c method=javafx.scene.CssStyleHelper$CacheContainer.<init>(Ljavafx/scene/Node;Lcom/sun/javafx/css/StyleMap;I)V @ 164 c2
Event: 16.430 Thread 0x0000024e6ef3eae0 DEOPT PACKING pc=0x0000024e1a78064c sp=0x0000006475ef9310
Event: 16.430 Thread 0x0000024e6ef3eae0 DEOPT UNPACKING pc=0x0000024e19c446a2 sp=0x0000006475ef9220 mode 2
Event: 17.204 Thread 0x0000024e6ef3eae0 Uncommon trap: trap_request=0xffffffde fr.pc=0x0000024e1a348ae8 relative=0x0000000000000188
Event: 17.204 Thread 0x0000024e6ef3eae0 Uncommon trap: reason=class_check action=maybe_recompile pc=0x0000024e1a348ae8 method=com.mysql.cj.util.StringInspector.incrementPosition(Ljava/util/Set;)I @ 17 c2
Event: 17.204 Thread 0x0000024e6ef3eae0 DEOPT PACKING pc=0x0000024e1a348ae8 sp=0x0000006475ef76f0
Event: 17.204 Thread 0x0000024e6ef3eae0 DEOPT UNPACKING pc=0x0000024e19c446a2 sp=0x0000006475ef7698 mode 2
Event: 17.204 Thread 0x0000024e6ef3eae0 Uncommon trap: trap_request=0xffffffde fr.pc=0x0000024e1a348ae8 relative=0x0000000000000188
Event: 17.204 Thread 0x0000024e6ef3eae0 Uncommon trap: reason=class_check action=maybe_recompile pc=0x0000024e1a348ae8 method=com.mysql.cj.util.StringInspector.incrementPosition(Ljava/util/Set;)I @ 17 c2
Event: 17.204 Thread 0x0000024e6ef3eae0 DEOPT PACKING pc=0x0000024e1a348ae8 sp=0x0000006475ef76f0
Event: 17.204 Thread 0x0000024e6ef3eae0 DEOPT UNPACKING pc=0x0000024e19c446a2 sp=0x0000006475ef7698 mode 2
Event: 124.062 Thread 0x0000024e7b374490 Uncommon trap: trap_request=0xffffff45 fr.pc=0x0000024e1a4976fc relative=0x000000000000007c
Event: 124.063 Thread 0x0000024e7b374490 Uncommon trap: reason=unstable_if action=reinterpret pc=0x0000024e1a4976fc method=sun.net.www.ParseUtil.match(CJJ)Z @ 39 c2
Event: 124.063 Thread 0x0000024e7b374490 DEOPT PACKING pc=0x0000024e1a4976fc sp=0x00000064741fece0
Event: 124.063 Thread 0x0000024e7b374490 DEOPT UNPACKING pc=0x0000024e19c446a2 sp=0x00000064741fec70 mode 2
Event: 124.064 Thread 0x0000024e7b37a070 Uncommon trap: trap_request=0xffffff45 fr.pc=0x0000024e1a6f36d8 relative=0x0000000000000058
Event: 124.064 Thread 0x0000024e7b37a070 Uncommon trap: reason=unstable_if action=reinterpret pc=0x0000024e1a6f36d8 method=java.lang.Thread.getAndClearInterrupt()Z @ 6 c2
Event: 124.064 Thread 0x0000024e7b37a070 DEOPT PACKING pc=0x0000024e1a6f36d8 sp=0x0000006476ffee90
Event: 124.064 Thread 0x0000024e7b37a070 DEOPT UNPACKING pc=0x0000024e19c446a2 sp=0x0000006476ffedc8 mode 2

Classes loaded (20 events):
Event: 124.083 Loading class java/beans/WeakIdentityMap done
Event: 124.083 Loading class java/beans/ThreadGroupContext$1 done
Event: 124.083 Loading class java/beans/WeakIdentityMap$Entry
Event: 124.083 Loading class java/beans/WeakIdentityMap$Entry done
Event: 124.083 Loading class com/sun/beans/introspect/ClassInfo
Event: 124.083 Loading class com/sun/beans/introspect/ClassInfo done
Event: 124.083 Loading class com/sun/beans/introspect/ClassInfo$1
Event: 124.083 Loading class com/sun/beans/util/Cache
Event: 124.083 Loading class com/sun/beans/util/Cache done
Event: 124.083 Loading class com/sun/beans/introspect/ClassInfo$1 done
Event: 124.083 Loading class com/sun/beans/util/Cache$Kind
Event: 124.083 Loading class com/sun/beans/util/Cache$Kind done
Event: 124.083 Loading class com/sun/beans/util/Cache$Kind$1
Event: 124.083 Loading class com/sun/beans/util/Cache$Kind$1 done
Event: 124.083 Loading class com/sun/beans/util/Cache$Kind$2
Event: 124.083 Loading class com/sun/beans/util/Cache$Kind$2 done
Event: 124.083 Loading class com/sun/beans/util/Cache$Kind$3
Event: 124.083 Loading class com/sun/beans/util/Cache$Kind$3 done
Event: 124.083 Loading class com/sun/beans/util/Cache$CacheEntry
Event: 124.083 Loading class com/sun/beans/util/Cache$CacheEntry done

Classes unloaded (0 events):
No events

Classes redefined (0 events):
No events

Internal exceptions (20 events):
Event: 11.801 Thread 0x0000024e6ef3eae0 Implicit null exception at 0x0000024e1a63c2c0 to 0x0000024e1a63c334
Event: 13.638 Thread 0x0000024e6ef3eae0 Exception <a 'java/lang/NoSuchMethodError'{0x000000070636bdc0}: 'int java.lang.invoke.DirectMethodHandle$Holder.invokeStatic(java.lang.Object, java.lang.Object, int, int)'> (0x000000070636bdc0) 
thrown [s\open\src\hotspot\share\interpreter\linkResolver.cpp, line 773]
Event: 13.660 Thread 0x0000024e6ef3eae0 Exception <a 'java/lang/IncompatibleClassChangeError'{0x000000070606ae48}: Found class java.lang.Object, but interface was expected> (0x000000070606ae48) 
thrown [s\open\src\hotspot\share\interpreter\linkResolver.cpp, line 840]
Event: 13.682 Thread 0x0000024e6ef3eae0 Exception <a 'java/lang/IncompatibleClassChangeError'{0x000000070611a3a0}: Found class java.lang.Object, but interface was expected> (0x000000070611a3a0) 
thrown [s\open\src\hotspot\share\interpreter\linkResolver.cpp, line 840]
Event: 124.072 Thread 0x0000024e7b374490 Exception <a 'java/io/IOException'{0x000000070cdd7208}> (0x000000070cdd7208) 
thrown [s\open\src\hotspot\share\prims\jni.cpp, line 520]
Event: 124.072 Thread 0x0000024e7b374490 Exception <a 'java/io/IOException'{0x000000070cdd86e8}> (0x000000070cdd86e8) 
thrown [s\open\src\hotspot\share\prims\jni.cpp, line 520]
Event: 124.073 Thread 0x0000024e7b374490 Exception <a 'java/io/IOException'{0x000000070cddc850}> (0x000000070cddc850) 
thrown [s\open\src\hotspot\share\prims\jni.cpp, line 520]
Event: 124.073 Thread 0x0000024e7b374490 Exception <a 'java/io/IOException'{0x000000070cddd470}> (0x000000070cddd470) 
thrown [s\open\src\hotspot\share\prims\jni.cpp, line 520]
Event: 124.074 Thread 0x0000024e7b374490 Exception <a 'java/io/IOException'{0x000000070cddf438}> (0x000000070cddf438) 
thrown [s\open\src\hotspot\share\prims\jni.cpp, line 520]
Event: 124.074 Thread 0x0000024e7b374490 Exception <a 'java/io/IOException'{0x000000070cde0058}> (0x000000070cde0058) 
thrown [s\open\src\hotspot\share\prims\jni.cpp, line 520]
Event: 124.074 Thread 0x0000024e7b374490 Exception <a 'java/io/IOException'{0x000000070cde2048}> (0x000000070cde2048) 
thrown [s\open\src\hotspot\share\prims\jni.cpp, line 520]
Event: 124.075 Thread 0x0000024e7b374490 Exception <a 'java/io/IOException'{0x000000070cde43d8}> (0x000000070cde43d8) 
thrown [s\open\src\hotspot\share\prims\jni.cpp, line 520]
Event: 124.075 Thread 0x0000024e7b374490 Exception <a 'java/io/IOException'{0x000000070cde4ff8}> (0x000000070cde4ff8) 
thrown [s\open\src\hotspot\share\prims\jni.cpp, line 520]
Event: 124.075 Thread 0x0000024e7b374490 Exception <a 'java/io/IOException'{0x000000070cde6fc0}> (0x000000070cde6fc0) 
thrown [s\open\src\hotspot\share\prims\jni.cpp, line 520]
Event: 124.076 Thread 0x0000024e7b374490 Exception <a 'java/io/IOException'{0x000000070cde7be0}> (0x000000070cde7be0) 
thrown [s\open\src\hotspot\share\prims\jni.cpp, line 520]
Event: 124.076 Thread 0x0000024e7b374490 Exception <a 'java/io/IOException'{0x000000070cde9df8}> (0x000000070cde9df8) 
thrown [s\open\src\hotspot\share\prims\jni.cpp, line 520]
Event: 124.076 Thread 0x0000024e7b374490 Exception <a 'java/io/IOException'{0x000000070cdeaa18}> (0x000000070cdeaa18) 
thrown [s\open\src\hotspot\share\prims\jni.cpp, line 520]
Event: 124.078 Thread 0x0000024e7b374490 Exception <a 'java/io/IOException'{0x000000070cdef0e0}> (0x000000070cdef0e0) 
thrown [s\open\src\hotspot\share\prims\jni.cpp, line 520]
Event: 124.079 Thread 0x0000024e7b374490 Exception <a 'java/io/IOException'{0x000000070cdefd00}> (0x000000070cdefd00) 
thrown [s\open\src\hotspot\share\prims\jni.cpp, line 520]
Event: 124.084 Thread 0x0000024e78224e90 Exception <a 'java/lang/InterruptedException'{0x000000070ca156d8}: sleep interrupted> (0x000000070ca156d8) 
thrown [s\open\src\hotspot\share\prims\jvm.cpp, line 3074]

ZGC Phase Switch (0 events):
No events

VM Operations (20 events):
Event: 14.499 Executing VM operation: ICBufferFull done
Event: 16.444 Executing VM operation: ICBufferFull
Event: 16.444 Executing VM operation: ICBufferFull done
Event: 17.245 Executing VM operation: G1CollectForAllocation (G1 Evacuation Pause)
Event: 17.252 Executing VM operation: G1CollectForAllocation (G1 Evacuation Pause) done
Event: 19.253 Executing VM operation: Cleanup
Event: 19.253 Executing VM operation: Cleanup done
Event: 21.253 Executing VM operation: Cleanup
Event: 21.253 Executing VM operation: Cleanup done
Event: 43.260 Executing VM operation: Cleanup
Event: 43.260 Executing VM operation: Cleanup done
Event: 60.156 Executing VM operation: HandshakeAllThreads (HandshakeForDeflation)
Event: 60.156 Executing VM operation: HandshakeAllThreads (HandshakeForDeflation) done
Event: 60.156 Executing VM operation: RendezvousGCThreads
Event: 60.156 Executing VM operation: RendezvousGCThreads done
Event: 102.191 Executing VM operation: Cleanup
Event: 102.191 Executing VM operation: Cleanup done
Event: 113.217 Executing VM operation: Cleanup
Event: 113.217 Executing VM operation: Cleanup done
Event: 124.085 Executing VM operation: Exit

Events (20 events):
Event: 124.064 Thread 0x0000024e7b378630 Thread exited: 0x0000024e7b378630
Event: 124.064 Thread 0x0000024e7b373770 Thread exited: 0x0000024e7b373770
Event: 124.064 Thread 0x0000024e78224170 Thread exited: 0x0000024e78224170
Event: 124.064 Thread 0x0000024e7b377910 Thread exited: 0x0000024e7b377910
Event: 124.064 Thread 0x0000024e7b376560 Thread exited: 0x0000024e7b376560
Event: 124.064 Thread 0x0000024e7b377280 Thread exited: 0x0000024e7b377280
Event: 124.064 Thread 0x0000024e7b378cc0 Thread exited: 0x0000024e7b378cc0
Event: 124.064 Thread 0x0000024e7b37a070 Thread exited: 0x0000024e7b37a070
Event: 124.064 Thread 0x0000024e7b377fa0 Thread exited: 0x0000024e7b377fa0
Event: 124.064 Thread 0x0000024e7b37a700 Thread exited: 0x0000024e7b37a700
Event: 124.064 Thread 0x0000024e78223ae0 Thread exited: 0x0000024e78223ae0
Event: 124.067 Thread 0x0000024e6e773360 Thread exited: 0x0000024e6e773360
Event: 124.067 Thread 0x0000024e7961ea10 Thread added: 0x0000024e7961ea10
Event: 124.070 Thread 0x0000024e7b374490 Thread added: 0x0000024e7b374490
Event: 124.071 Thread 0x0000024e782268d0 Thread exited: 0x0000024e782268d0
Event: 124.080 Thread 0x0000024e7b374490 Thread exited: 0x0000024e7b374490
Event: 124.084 Thread 0x0000024e78225520 Thread exited: 0x0000024e78225520
Event: 124.084 Thread 0x0000024e78224800 Thread exited: 0x0000024e78224800
Event: 124.084 Thread 0x0000024e78224e90 Thread exited: 0x0000024e78224e90
Event: 124.085 Thread 0x0000024e7b37ad90 Thread exited: 0x0000024e7b37ad90


Dynamic libraries:
0x00007ff6625d0000 - 0x00007ff6625e0000 	E:\Program Files\Java\jdk-21\bin\java.exe
0x00007ffefd2d0000 - 0x00007ffefd4c8000 	C:\Windows\SYSTEM32\ntdll.dll
0x00007ffefc820000 - 0x00007ffefc8e2000 	C:\Windows\System32\KERNEL32.DLL
0x00007ffefa970000 - 0x00007ffefac66000 	C:\Windows\System32\KERNELBASE.dll
0x00007ffefaea0000 - 0x00007ffefafa0000 	C:\Windows\System32\ucrtbase.dll
0x00007ffeeb060000 - 0x00007ffeeb079000 	E:\Program Files\Java\jdk-21\bin\jli.dll
0x00007ffefcd10000 - 0x00007ffefcdc1000 	C:\Windows\System32\ADVAPI32.dll
0x00007ffeeb080000 - 0x00007ffeeb09b000 	E:\Program Files\Java\jdk-21\bin\VCRUNTIME140.dll
0x00007ffefba90000 - 0x00007ffefbb2e000 	C:\Windows\System32\msvcrt.dll
0x00007ffefcdd0000 - 0x00007ffefce6f000 	C:\Windows\System32\sechost.dll
0x00007ffefcb20000 - 0x00007ffefcc40000 	C:\Windows\System32\RPCRT4.dll
0x00007ffefad50000 - 0x00007ffefad77000 	C:\Windows\System32\bcrypt.dll
0x00007ffefc590000 - 0x00007ffefc72d000 	C:\Windows\System32\USER32.dll
0x00007ffefad20000 - 0x00007ffefad42000 	C:\Windows\System32\win32u.dll
0x00007ffeefcf0000 - 0x00007ffeeff8b000 	C:\Windows\WinSxS\amd64_microsoft.windows.common-controls_6595b64144ccf1df_6.0.19041.6280_none_60bc30a171f2f3f3\COMCTL32.dll
0x00007ffefb300000 - 0x00007ffefb32b000 	C:\Windows\System32\GDI32.dll
0x00007ffefad80000 - 0x00007ffefae99000 	C:\Windows\System32\gdi32full.dll
0x00007ffefb100000 - 0x00007ffefb19d000 	C:\Windows\System32\msvcp_win.dll
0x00007ffef52a0000 - 0x00007ffef52aa000 	C:\Windows\SYSTEM32\VERSION.dll
0x00007ffefc4f0000 - 0x00007ffefc51f000 	C:\Windows\System32\IMM32.DLL
0x00007ffef6dd0000 - 0x00007ffef6ddc000 	E:\Program Files\Java\jdk-21\bin\vcruntime140_1.dll
0x00007ffedd830000 - 0x00007ffedd8be000 	E:\Program Files\Java\jdk-21\bin\msvcp140.dll
0x00007ffec74b0000 - 0x00007ffec81c8000 	E:\Program Files\Java\jdk-21\bin\server\jvm.dll
0x00007ffefc520000 - 0x00007ffefc58b000 	C:\Windows\System32\WS2_32.dll
0x00007ffef9eb0000 - 0x00007ffef9efb000 	C:\Windows\SYSTEM32\POWRPROF.dll
0x00007ffef17e0000 - 0x00007ffef1807000 	C:\Windows\SYSTEM32\WINMM.dll
0x00007ffef9db0000 - 0x00007ffef9dc2000 	C:\Windows\SYSTEM32\UMPDC.dll
0x00007ffef8810000 - 0x00007ffef8822000 	C:\Windows\SYSTEM32\kernel.appcore.dll
0x00007ffeeab40000 - 0x00007ffeeab4a000 	E:\Program Files\Java\jdk-21\bin\jimage.dll
0x00007ffef0e80000 - 0x00007ffef1081000 	C:\Windows\SYSTEM32\DBGHELP.DLL
0x00007ffeeae90000 - 0x00007ffeeaec4000 	C:\Windows\SYSTEM32\dbgcore.DLL
0x00007ffefb1a0000 - 0x00007ffefb222000 	C:\Windows\System32\bcryptPrimitives.dll
0x00007ffeeab30000 - 0x00007ffeeab3f000 	E:\Program Files\Java\jdk-21\bin\instrument.dll
0x00007ffedfee0000 - 0x00007ffedfeff000 	E:\Program Files\Java\jdk-21\bin\java.dll
0x00007ffefbd70000 - 0x00007ffefc4e0000 	C:\Windows\System32\SHELL32.dll
0x00007ffef8a10000 - 0x00007ffef91b5000 	C:\Windows\SYSTEM32\windows.storage.dll
0x00007ffefced0000 - 0x00007ffefd223000 	C:\Windows\System32\combase.dll
0x00007ffefa3a0000 - 0x00007ffefa3cb000 	C:\Windows\SYSTEM32\Wldp.dll
0x00007ffefcc40000 - 0x00007ffefcd0d000 	C:\Windows\System32\OLEAUT32.dll
0x00007ffefbcc0000 - 0x00007ffefbd6d000 	C:\Windows\System32\SHCORE.dll
0x00007ffefd230000 - 0x00007ffefd28b000 	C:\Windows\System32\shlwapi.dll
0x00007ffefa8a0000 - 0x00007ffefa8c4000 	C:\Windows\SYSTEM32\profapi.dll
0x00007ffed6610000 - 0x00007ffed66e7000 	E:\Program Files\Java\jdk-21\bin\jsvml.dll
0x00007ffedfed0000 - 0x00007ffedfee0000 	E:\Program Files\Java\jdk-21\bin\net.dll
0x00007ffef4cb0000 - 0x00007ffef4dba000 	C:\Windows\SYSTEM32\WINHTTP.dll
0x00007ffefa100000 - 0x00007ffefa16a000 	C:\Windows\system32\mswsock.dll
0x00007ffedfeb0000 - 0x00007ffedfec6000 	E:\Program Files\Java\jdk-21\bin\nio.dll
0x00007ffedfe90000 - 0x00007ffedfea8000 	E:\Program Files\Java\jdk-21\bin\zip.dll
0x00007ffedfe70000 - 0x00007ffedfe79000 	E:\Program Files\Java\jdk-21\bin\extnet.dll
0x0000024e0a1f0000 - 0x0000024e0a1f3000 	E:\javaFx\javafx-sdk-21.0.8\bin\api-ms-win-core-console-l1-1-0.dll
0x0000024e28fe0000 - 0x0000024e28fe3000 	E:\javaFx\javafx-sdk-21.0.8\bin\api-ms-win-core-console-l1-2-0.dll
0x0000024e28ff0000 - 0x0000024e28ff3000 	E:\javaFx\javafx-sdk-21.0.8\bin\api-ms-win-core-datetime-l1-1-0.dll
0x0000024e6fcd0000 - 0x0000024e6fcd3000 	E:\javaFx\javafx-sdk-21.0.8\bin\api-ms-win-core-debug-l1-1-0.dll
0x0000024e6fce0000 - 0x0000024e6fce3000 	E:\javaFx\javafx-sdk-21.0.8\bin\api-ms-win-core-errorhandling-l1-1-0.dll
0x0000024e6fcf0000 - 0x0000024e6fcf4000 	E:\javaFx\javafx-sdk-21.0.8\bin\api-ms-win-core-file-l1-1-0.dll
0x0000024e6fd00000 - 0x0000024e6fd03000 	E:\javaFx\javafx-sdk-21.0.8\bin\api-ms-win-core-file-l1-2-0.dll
0x0000024e6fd10000 - 0x0000024e6fd13000 	E:\javaFx\javafx-sdk-21.0.8\bin\api-ms-win-core-file-l2-1-0.dll
0x0000024e6fd20000 - 0x0000024e6fd23000 	E:\javaFx\javafx-sdk-21.0.8\bin\api-ms-win-core-handle-l1-1-0.dll
0x0000024e6fd30000 - 0x0000024e6fd33000 	E:\javaFx\javafx-sdk-21.0.8\bin\api-ms-win-core-heap-l1-1-0.dll
0x0000024e6fd40000 - 0x0000024e6fd43000 	E:\javaFx\javafx-sdk-21.0.8\bin\api-ms-win-core-interlocked-l1-1-0.dll
0x0000024e6fd50000 - 0x0000024e6fd53000 	E:\javaFx\javafx-sdk-21.0.8\bin\api-ms-win-core-libraryloader-l1-1-0.dll
0x0000024e6fd60000 - 0x0000024e6fd63000 	E:\javaFx\javafx-sdk-21.0.8\bin\api-ms-win-core-localization-l1-2-0.dll
0x0000024e6fd70000 - 0x0000024e6fd73000 	E:\javaFx\javafx-sdk-21.0.8\bin\api-ms-win-core-memory-l1-1-0.dll
0x0000024e6fd80000 - 0x0000024e6fd83000 	E:\javaFx\javafx-sdk-21.0.8\bin\api-ms-win-core-namedpipe-l1-1-0.dll
0x0000024e6fd90000 - 0x0000024e6fd93000 	E:\javaFx\javafx-sdk-21.0.8\bin\api-ms-win-core-processenvironment-l1-1-0.dll
0x0000024e6fda0000 - 0x0000024e6fda3000 	E:\javaFx\javafx-sdk-21.0.8\bin\api-ms-win-core-processthreads-l1-1-0.dll
0x0000024e6fdb0000 - 0x0000024e6fdb3000 	E:\javaFx\javafx-sdk-21.0.8\bin\api-ms-win-core-processthreads-l1-1-1.dll
0x0000024e6fdc0000 - 0x0000024e6fdc3000 	E:\javaFx\javafx-sdk-21.0.8\bin\api-ms-win-core-profile-l1-1-0.dll
0x0000024e6fdd0000 - 0x0000024e6fdd3000 	E:\javaFx\javafx-sdk-21.0.8\bin\api-ms-win-core-rtlsupport-l1-1-0.dll
0x0000024e6fde0000 - 0x0000024e6fde3000 	E:\javaFx\javafx-sdk-21.0.8\bin\api-ms-win-core-string-l1-1-0.dll
0x0000024e6fdf0000 - 0x0000024e6fdf3000 	E:\javaFx\javafx-sdk-21.0.8\bin\api-ms-win-core-synch-l1-1-0.dll
0x0000024e6fe00000 - 0x0000024e6fe03000 	E:\javaFx\javafx-sdk-21.0.8\bin\api-ms-win-core-synch-l1-2-0.dll
0x0000024e6fe10000 - 0x0000024e6fe13000 	E:\javaFx\javafx-sdk-21.0.8\bin\api-ms-win-core-sysinfo-l1-1-0.dll
0x0000024e6fe20000 - 0x0000024e6fe23000 	E:\javaFx\javafx-sdk-21.0.8\bin\api-ms-win-core-timezone-l1-1-0.dll
0x0000024e6fe30000 - 0x0000024e6fe33000 	E:\javaFx\javafx-sdk-21.0.8\bin\api-ms-win-core-util-l1-1-0.dll
0x0000024e6fe40000 - 0x0000024e6fe43000 	E:\javaFx\javafx-sdk-21.0.8\bin\api-ms-win-crt-conio-l1-1-0.dll
0x0000024e6fe50000 - 0x0000024e6fe54000 	E:\javaFx\javafx-sdk-21.0.8\bin\api-ms-win-crt-convert-l1-1-0.dll
0x0000024e6fe60000 - 0x0000024e6fe63000 	E:\javaFx\javafx-sdk-21.0.8\bin\api-ms-win-crt-environment-l1-1-0.dll
0x0000024e6fe70000 - 0x0000024e6fe73000 	E:\javaFx\javafx-sdk-21.0.8\bin\api-ms-win-crt-filesystem-l1-1-0.dll
0x0000024e6fe80000 - 0x0000024e6fe83000 	E:\javaFx\javafx-sdk-21.0.8\bin\api-ms-win-crt-heap-l1-1-0.dll
0x0000024e6fe90000 - 0x0000024e6fe93000 	E:\javaFx\javafx-sdk-21.0.8\bin\api-ms-win-crt-locale-l1-1-0.dll
0x0000024e6fea0000 - 0x0000024e6fea5000 	E:\javaFx\javafx-sdk-21.0.8\bin\api-ms-win-crt-math-l1-1-0.dll
0x0000024e6feb0000 - 0x0000024e6feb5000 	E:\javaFx\javafx-sdk-21.0.8\bin\api-ms-win-crt-multibyte-l1-1-0.dll
0x0000024e6fec0000 - 0x0000024e6fed0000 	E:\javaFx\javafx-sdk-21.0.8\bin\api-ms-win-crt-private-l1-1-0.dll
0x0000024e6fed0000 - 0x0000024e6fed3000 	E:\javaFx\javafx-sdk-21.0.8\bin\api-ms-win-crt-process-l1-1-0.dll
0x0000024e6fee0000 - 0x0000024e6fee4000 	E:\javaFx\javafx-sdk-21.0.8\bin\api-ms-win-crt-runtime-l1-1-0.dll
0x0000024e6fef0000 - 0x0000024e6fef4000 	E:\javaFx\javafx-sdk-21.0.8\bin\api-ms-win-crt-stdio-l1-1-0.dll
0x0000024e6ff00000 - 0x0000024e6ff04000 	E:\javaFx\javafx-sdk-21.0.8\bin\api-ms-win-crt-string-l1-1-0.dll
0x0000024e6ff10000 - 0x0000024e6ff13000 	E:\javaFx\javafx-sdk-21.0.8\bin\api-ms-win-crt-time-l1-1-0.dll
0x0000024e6ff20000 - 0x0000024e6ff23000 	E:\javaFx\javafx-sdk-21.0.8\bin\api-ms-win-crt-utility-l1-1-0.dll
0x00007ffed6510000 - 0x00007ffed660c000 	E:\javaFx\javafx-sdk-21.0.8\bin\ucrtbase.dll
0x00007ffedfb30000 - 0x00007ffedfb4b000 	E:\javaFx\javafx-sdk-21.0.8\bin\vcruntime140.dll
0x00007ffedfb20000 - 0x00007ffedfb2c000 	E:\javaFx\javafx-sdk-21.0.8\bin\vcruntime140_1.dll
0x00007ffeda550000 - 0x00007ffeda5de000 	E:\javaFx\javafx-sdk-21.0.8\bin\msvcp140.dll
0x00007ffedfb10000 - 0x00007ffedfb19000 	E:\javaFx\javafx-sdk-21.0.8\bin\msvcp140_1.dll
0x00007ffedf3f0000 - 0x00007ffedf431000 	E:\javaFx\javafx-sdk-21.0.8\bin\msvcp140_2.dll
0x00007ffedc490000 - 0x00007ffedc4c0000 	E:\javaFx\javafx-sdk-21.0.8\bin\prism_d3d.dll
0x00007ffecde40000 - 0x00007ffece011000 	C:\Windows\system32\d3d9.dll
0x00007ffef8510000 - 0x00007ffef853e000 	C:\Windows\SYSTEM32\dwmapi.dll
0x00007ffef8320000 - 0x00007ffef83be000 	C:\Windows\system32\uxtheme.dll
0x00007ffefa530000 - 0x00007ffefa542000 	C:\Windows\SYSTEM32\msasn1.dll
0x00007ffef5220000 - 0x00007ffef5251000 	C:\Windows\SYSTEM32\cryptnet.dll
0x00007ffefafa0000 - 0x00007ffefb0fd000 	C:\Windows\System32\CRYPT32.dll
0x00007ffefa310000 - 0x00007ffefa31c000 	C:\Windows\SYSTEM32\cryptbase.dll
0x00007ffef5050000 - 0x00007ffef5197000 	C:\Windows\SYSTEM32\drvstore.dll
0x00007ffefa700000 - 0x00007ffefa733000 	C:\Windows\SYSTEM32\devobj.dll
0x00007ffefb230000 - 0x00007ffefb27e000 	C:\Windows\System32\cfgmgr32.dll
0x00007ffefb280000 - 0x00007ffefb2f3000 	C:\Windows\System32\wintrust.dll
0x00007ffefcaa0000 - 0x00007ffefcabd000 	C:\Windows\System32\imagehlp.dll
0x00007ffefa2f0000 - 0x00007ffefa308000 	C:\Windows\SYSTEM32\CRYPTSP.dll
0x00007ffef9950000 - 0x00007ffef9988000 	C:\Windows\system32\rsaenh.dll
0x00007ffedba20000 - 0x00007ffedba62000 	E:\javaFx\javafx-sdk-21.0.8\bin\glass.dll
0x00007ffefbbe0000 - 0x00007ffefbcba000 	C:\Windows\System32\COMDLG32.dll
0x00007ffefb950000 - 0x00007ffefba7b000 	C:\Windows\System32\ole32.dll
0x00007ffefc980000 - 0x00007ffefca95000 	C:\Windows\System32\MSCTF.dll
0x00007ffef91d0000 - 0x00007ffef91f3000 	C:\Windows\SYSTEM32\gpapi.dll
0x00007ffed2b30000 - 0x00007ffed2c85000 	C:\Windows\System32\DriverStore\FileRepository\nv_dispig.inf_amd64_0afec3f2050014a0\nvppex.dll
0x00007ffef2460000 - 0x00007ffef249b000 	C:\Windows\SYSTEM32\dxcore.dll
0x00007ffedfe60000 - 0x00007ffedfe6e000 	E:\Program Files\Java\jdk-21\bin\sunmscapi.dll
0x00007ffefa410000 - 0x00007ffefa437000 	C:\Windows\SYSTEM32\ncrypt.dll
0x00007ffefa3d0000 - 0x00007ffefa40b000 	C:\Windows\SYSTEM32\NTASN1.dll
0x00007ffefa820000 - 0x00007ffefa84e000 	C:\Windows\SYSTEM32\USERENV.dll
0x00007ffef9d70000 - 0x00007ffef9dab000 	C:\Windows\SYSTEM32\IPHLPAPI.DLL
0x00007ffefba80000 - 0x00007ffefba88000 	C:\Windows\System32\NSI.dll
0x00007ffedda10000 - 0x00007ffedda1a000 	E:\Program Files\Java\jdk-21\bin\management.dll
0x00007ffedd800000 - 0x00007ffedd80b000 	E:\Program Files\Java\jdk-21\bin\management_ext.dll
0x00007ffefc4e0000 - 0x00007ffefc4e8000 	C:\Windows\System32\PSAPI.DLL
0x00007ffedcf20000 - 0x00007ffedcf30000 	E:\Program Files\Java\jdk-21\bin\verify.dll

dbghelp: loaded successfully - version: 4.0.5 - missing functions: none
symbol engine: initialized successfully - sym options: 0x614 - pdb path: .;E:\Program Files\Java\jdk-21\bin;C:\Windows\SYSTEM32;C:\Windows\WinSxS\amd64_microsoft.windows.common-controls_6595b64144ccf1df_6.0.19041.6280_none_60bc30a171f2f3f3;E:\Program Files\Java\jdk-21\bin\server;E:\javaFx\javafx-sdk-21.0.8\bin;C:\Windows\System32\DriverStore\FileRepository\nv_dispig.inf_amd64_0afec3f2050014a0;C:\Program Files\Common Files\Microsoft Shared\Ink

VM Arguments:
jvm_args: --module-path=E:\javaFx\javafx-sdk-21.0.8\lib --add-modules=javafx.controls,javafx.fxml -javaagent:W:\Work\IntelliJ IDEA Community Edition 2025.2.1\lib\idea_rt.jar=52710 -Dfile.encoding=UTF-8 -Dsun.stdout.encoding=UTF-8 -Dsun.stderr.encoding=UTF-8 
java_command: com.college.MainFinal
java_class_path (initial): W:\Work\IntelliJ IDEA Community Edition 2025.2.1\projects\ADP3_capstone_project\target\classes;C:\Users\User\.m2\repository\org\openjfx\javafx-controls\17.0.6\javafx-controls-17.0.6.jar;C:\Users\User\.m2\repository\org\openjfx\javafx-controls\17.0.6\javafx-controls-17.0.6-win.jar;C:\Users\User\.m2\repository\org\openjfx\javafx-graphics\17.0.6\javafx-graphics-17.0.6.jar;C:\Users\User\.m2\repository\org\openjfx\javafx-graphics\17.0.6\javafx-graphics-17.0.6-win.jar;C:\Users\User\.m2\repository\org\openjfx\javafx-base\17.0.6\javafx-base-17.0.6.jar;C:\Users\User\.m2\repository\org\openjfx\javafx-base\17.0.6\javafx-base-17.0.6-win.jar;C:\Users\User\.m2\repository\org\openjfx\javafx-fxml\17.0.6\javafx-fxml-17.0.6.jar;C:\Users\User\.m2\repository\org\openjfx\javafx-fxml\17.0.6\javafx-fxml-17.0.6-win.jar;C:\Users\User\.m2\repository\org\springframework\boot\spring-boot-starter-web\3.4.5\spring-boot-starter-web-3.4.5.jar;C:\Users\User\.m2\repository\org\springframework\boot\spring-boot-starter\3.4.5\spring-boot-starter-3.4.5.jar;C:\Users\User\.m2\repository\org\springframework\boot\spring-boot\3.4.5\spring-boot-3.4.5.jar;C:\Users\User\.m2\repository\org\springframework\boot\spring-boot-autoconfigure\3.4.5\spring-boot-autoconfigure-3.4.5.jar;C:\Users\User\.m2\repository\org\springframework\boot\spring-boot-starter-logging\3.4.5\spring-boot-starter-logging-3.4.5.jar;C:\Users\User\.m2\repository\ch\qos\logback\logback-classic\1.5.18\logback-classic-1.5.18.jar;C:\Users\User\.m2\repository\ch\qos\logback\logback-core\1.5.18\logback-core-1.5.18.jar;C:\Users\User\.m2\repository\org\apache\logging\log4j\log4j-to-slf4j\2.24.3\log4j-to-slf4j-2.24.3.jar;C:\Users\User\.m2\repository\org\apache\logging\log4j\log4j-api\2.24.3\log4j-api-2.24.3.jar;C:\Users\User\.m2\repository\org\slf4j\jul-to-slf4j\2.0.17\jul-to-slf4j-2.0.17.jar;C:\Users\User\.m2\repository\jakarta\annotation\jakarta.annotation-api\2.1.1\jakarta.annotation-api-2.1.1.jar;C:\Users\User\.m2\repository\org\yaml\snakeyaml\2.3\snakeyaml-2.3.jar;C:\Users\User\.m2\repository\org\springframework\boot\spring-boot-starter-json\3.4.5\spring-boot-starter-json-3.4.5.jar;C:\Users\User\.m2\repository\com\fasterxml\jackson\core\jackson-databind\2.18.3\jackson-databind-2.18.3.jar;C:\Users\User\.m2\repository\com\fasterxml\jackson\core\jackson-annotations\2.18.3\jackson-annotations-2.18.3.jar;C:\Users\User\.m2\repository\com\fasterxml\jackson\core\jackson-core\2.18.3\jackson-core-2.18.3.jar;C:\Users\User\.m2\repository\com\fasterxml\jackson\datatype\jackson-datatype-jdk8\2.18.3\jackson-datatype-jdk8-2.18.3.jar;C:\Users\User\.m2\repository\com\fasterxml\jackson\datatype\jackson-datatype-jsr310\2.18.3\jackson-datatype-jsr310-2.18.3.jar;C:\Users\User\.m2\repository\com\fasterxml\jackson\module\jackson-module-parameter-names\2.18.3\jackson-module-parameter-names-2.18.3.jar;C:\Users\User\.m2\repository\org\springframework\boot\spring-boot-starter-tomcat\3.4.5\spring-boot-starter-tomcat-3.4.5.jar;C:\Users\User\.m2\repository\org\apache\tomcat\embed\tomcat-embed-core\10.1.40\tomcat-embed-core-10.1.40.jar;C:\Users\User\.m2\repository\org\apache\tomcat\embed\tomcat-embed-el\10.1.40\tomcat-embed-el-10.1.40.jar;C:\Users\User\.m2\repository\org\apache\tomcat\embed\tomcat-embed-websocket\10.1.40\tomcat-embed-websocket-10.1.40.jar;C:\Users\User\.m2\repository\org\springframework\spring-web\6.2.6\spring-web-6.2.6.jar;C:\Users\User\.m2\repository\org\springframework\spring-beans\6.2.6\spring-beans-6.2.6.jar;C:\Users\User\.m2\repository\io\micrometer\micrometer-observation\1.14.6\micrometer-observation-1.14.6.jar;C:\Users\User\.m2\repository\io\micrometer\micrometer-commons\1.14.6\micrometer-commons-1.14.6.jar;C:\Users\User\.m2\repository\org\springframework\spring-webmvc\6.2.6\spring-webmvc-6.2.6.jar;C:\Users\User\.m2\repository\org\springframework\spring-context\6.2.6\spring-context-6.2.6.jar;C:\Users\User\.m2\repository\org\springframework\spring-expression\6.2.6\spring-expression-6.2.6.jar;C:\Users\User\.m2\repository\org\springframework\boot\spring-boot-starter-data-jpa\3.4.5\spring-boot-starter-data-jpa-3.4.5.jar;C:\Users\User\.m2\repository\org\springframework\boot\spring-boot-starter-jdbc\3.4.5\spring-boot-starter-jdbc-3.4.5.jar;C:\Users\User\.m2\repository\com\zaxxer\HikariCP\5.1.0\HikariCP-5.1.0.jar;C:\Users\User\.m2\repository\org\springframework\spring-jdbc\6.2.6\spring-jdbc-6.2.6.jar;C:\Users\User\.m2\repository\org\hibernate\orm\hibernate-core\6.6.13.Final\hibernate-core-6.6.13.Final.jar;C:\Users\User\.m2\repository\jakarta\persistence\jakarta.persistence-api\3.1.0\jakarta.persistence-api-3.1.0.jar;C:\Users\User\.m2\repository\jakarta\transaction\jakarta.transaction-api\2.0.1\jakarta.transaction-api-2.0.1.jar;C:\Users\User\.m2\repository\org\jboss\logging\jboss-logging\3.6.1.Final\jboss-logging-3.6.1.Final.jar;C:\Users\User\.m2\repository\org\hibernate\common\hibernate-commons-annotations\7.0.3.Final\hibernate-commons-annotations-7.0.3.Final.jar;C:\Users\User\.m2\repository\io\smallrye\jandex\3.2.0\jandex-3.2.0.jar;C:\Users\User\.m2\repository\com\fasterxml\classmate\1.7.0\classmate-1.7.0.jar;C:\Users\User\.m2\repository\net\bytebuddy\byte-buddy\1.15.11\byte-buddy-1.15.11.jar;C:\Users\User\.m2\repository\org\glassfish\jaxb\jaxb-runtime\4.0.5\jaxb-runtime-4.0.5.jar;C:\Users\User\.m2\repository\org\glassfish\jaxb\jaxb-core\4.0.5\jaxb-core-4.0.5.jar;C:\Users\User\.m2\repository\org\eclipse\angus\angus-activation\2.0.2\angus-activation-2.0.2.jar;C:\Users\User\.m2\repository\org\glassfish\jaxb\txw2\4.0.5\txw2-4.0.5.jar;C:\Users\User\.m2\repository\com\sun\istack\istack-commons-runtime\4.1.2\istack-commons-runtime-4.1.2.jar;C:\Users\User\.m2\repository\jakarta\inject\jakarta.inject-api\2.0.1\jakarta.inject-api-2.0.1.jar;C:\Users\User\.m2\repository\org\antlr\antlr4-runtime\4.13.0\antlr4-runtime-4.13.0.jar;C:\Users\User\.m2\repository\org\springframework\data\spring-data-jpa\3.4.5\spring-data-jpa-3.4.5.jar;C:\Users\User\.m2\repository\org\springframework\data\spring-data-commons\3.4.5\spring-data-commons-3.4.5.jar;C:\Users\User\.m2\repository\org\springframework\spring-orm\6.2.6\spring-orm-6.2.6.jar;C:\Users\User\.m2\repository\org\springframework\spring-tx\6.2.6\spring-tx-6.2.6.jar;C:\Users\User\.m2\repository\org\slf4j\slf4j-api\2.0.17\slf4j-api-2.0.17.jar;C:\Users\User\.m2\repository\org\springframework\spring-aspects\6.2.6\spring-aspects-6.2.6.jar;C:\Users\User\.m2\repository\org\aspectj\aspectjweaver\1.9.24\aspectjweaver-1.9.24.jar;C:\Users\User\.m2\repository\com\mysql\mysql-connector-j\9.2.0\mysql-connector-j-9.2.0.jar;C:\Users\User\.m2\repository\jakarta\xml\bind\jakarta.xml.bind-api\4.0.2\jakarta.xml.bind-api-4.0.2.jar;C:\Users\User\.m2\repository\jakarta\activation\jakarta.activation-api\2.1.3\jakarta.activation-api-2.1.3.jar;C:\Users\User\.m2\repository\org\springframework\spring-core\6.2.6\spring-core-6.2.6.jar;C:\Users\User\.m2\repository\org\springframework\spring-jcl\6.2.6\spring-jcl-6.2.6.jar;C:\Users\User\.m2\repository\org\springframework\boot\spring-boot-starter-security\3.4.5\spring-boot-starter-security-3.4.5.jar;C:\Users\User\.m2\repository\org\springframework\spring-aop\6.2.6\spring-aop-6.2.6.jar;C:\Users\User\.m2\repository\org\springframework\security\spring-security-config\6.4.5\spring-security-config-6.4.5.jar;C:\Users\User\.m2\repository\org\springframework\security\spring-security-core\6.4.5\spring-security-core-6.4.5.jar;C:\Users\User\.m2\repository\org\springframework\security\spring-security-crypto\6.4.5\spring-security-crypto-6.4.5.jar;C:\Users\User\.m2\repository\org\springframework\security\spring-security-web\6.4.5\spring-security-web-6.4.5.jar
Launcher Type: SUN_STANDARD

[Global flags]
     intx CICompilerCount                          = 3                                         {product} {ergonomic}
     uint ConcGCThreads                            = 2                                         {product} {ergonomic}
     uint G1ConcRefinementThreads                  = 6                                         {product} {ergonomic}
   size_t G1HeapRegionSize                         = 2097152                                   {product} {ergonomic}
    uintx GCDrainStackTargetSize                   = 64                                        {product} {ergonomic}
   size_t InitialHeapSize                          = 268435456                                 {product} {ergonomic}
   size_t MarkStackSize                            = 4194304                                   {product} {ergonomic}
   size_t MaxHeapSize                              = 4273995776                                {product} {ergonomic}
   size_t MaxNewSize                               = 2562719744                                {product} {ergonomic}
   size_t MinHeapDeltaBytes                        = 2097152                                   {product} {ergonomic}
   size_t MinHeapSize                              = 8388608                                   {product} {ergonomic}
    uintx NonNMethodCodeHeapSize                   = 5832780                                {pd product} {ergonomic}
    uintx NonProfiledCodeHeapSize                  = 122912730                              {pd product} {ergonomic}
    uintx ProfiledCodeHeapSize                     = 122912730                              {pd product} {ergonomic}
    uintx ReservedCodeCacheSize                    = 251658240                              {pd product} {ergonomic}
     bool SegmentedCodeCache                       = true                                      {product} {ergonomic}
   size_t SoftMaxHeapSize                          = 4273995776                             {manageable} {ergonomic}
     bool UseCompressedOops                        = true                           {product lp64_product} {ergonomic}
     bool UseG1GC                                  = true                                      {product} {ergonomic}
     bool UseLargePagesIndividualAllocation        = false                                  {pd product} {ergonomic}

Logging:
Log output configuration:
 #0: stdout all=off uptime,level,tags foldmultilines=false
 #1: stderr all=off uptime,level,tags foldmultilines=false

Environment Variables:
JAVA_HOME=E:\Program Files\Java\jdk-21
PATH=C:\Program Files\Common Files\Oracle\Java\javapath;C:\Windows\system32;C:\Windows;C:\Windows\System32\Wbem;C:\Windows\System32\WindowsPowerShell\v1.0\;C:\Windows\System32\OpenSSH\;C:\Program Files (x86)\NVIDIA Corporation\PhysX\Common;C:\Program Files (x86)\dotnet\;C:\Program Files\dotnet\;E:\nodejs\;E:\nodejs;E:\git\Git\cmd;E:\Program Files\Java\jdk-21\bin;E:\Program Files\QuickTime\QTSystem\;W:\Work\Microsoft VS Code\bin;C:\Program Files\MySQL\MySQL Shell 8.0\bin\;E:\Python\Scripts\;E:\Python\;C:\Users\User\AppData\Local\Programs\Python\Launcher\;C:\Users\User\AppData\Local\Microsoft\WindowsApps;E:\Microsoft VS Code\bin;E:\wamp64\bin\php\php8.3.0;C:\Users\User\AppData\Local\ComposerSetup\bin;C:\Users\User\AppData\Roaming\Composer\vendor\bin;C:\Users\User\AppData\Roaming\npm;E:\mongosh\;E:\Program Files\IntelliJ IDEA 2024.3.2.2\bin;;E:\Program Files\PyCharm Community Edition 2024.3.2\bin;;C:\Users\User\AppData\Local\GitHubDesktop\bin;
USERNAME=User
OS=Windows_NT
PROCESSOR_IDENTIFIER=Intel64 Family 6 Model 158 Stepping 10, GenuineIntel
TMP=C:\Users\User\AppData\Local\Temp
TEMP=C:\Users\User\AppData\Local\Temp




Periodic native trim disabled

---------------  S Y S T E M  ---------------

OS:
 Windows 10 , 64 bit Build 19041 (10.0.19041.5915)
OS uptime: 1 days 18:33 hours

CPU: total 6 (initial active 6) (6 cores per cpu, 1 threads per core) family 6 model 158 stepping 10 microcode 0xb4, cx8, cmov, fxsr, mmx, 3dnowpref, sse, sse2, sse3, ssse3, sse4.1, sse4.2, popcnt, lzcnt, tsc, tscinvbit, avx, avx2, aes, erms, clmul, bmi1, bmi2, adx, fma, vzeroupper, clflush, clflushopt, rdtscp, f16c
Processor Information for all 6 processors :
  Max Mhz: 2904, Current Mhz: 2904, Mhz Limit: 2904

Memory: 4k page, system-wide physical 16302M (8660M free)
TotalPageFile size 19058M (AvailPageFile size 9233M)
current process WorkingSet (physical memory assigned to process): 350M, peak: 400M
current process commit charge ("private bytes"): 430M, peak: 489M

vm_info: Java HotSpot(TM) 64-Bit Server VM (21.0.5+9-LTS-239) for windows-amd64 JRE (21.0.5+9-LTS-239), built on 2024-09-30T05:17:38Z by "mach5one" with MS VC++ 17.6 (VS2022)

END.
